[18:39:27] [ServerMain/INFO]: [bootstrap] Running Java 21 (OpenJDK 64-Bit Server VM 21.0.5+11-Ubuntu-1ubuntu120.04; Ubuntu null) on Linux 6.5.0-1025-azure (amd64)
[18:39:28] [ServerMain/INFO]: [bootstrap] Loading Paper 1.21.3-63-master@4190ee7 (2024-11-25T18:59:19Z) for Minecraft 1.21.3
[18:39:28] [ServerMain/INFO]: [PluginInitializerManager] Initializing plugins...
[18:39:28] [ServerMain/INFO]: [PluginInitializerManager] Initialized 0 plugins
[18:39:28] [Paper Plugin Remapper Thread - 1/INFO]: [ReobfServer] Remapping server...
[18:39:35] [ServerMain/INFO]: Environment: Environment[sessionHost=https://sessionserver.mojang.com, servicesHost=https://api.minecraftservices.com, name=PROD]
[18:39:35] [ServerMain/INFO]: Found new data pack file/bukkit, loading it automatically
[18:39:35] [ServerMain/INFO]: Found new data pack paper, loading it automatically
[18:39:36] [ServerMain/INFO]: No existing world data, creating new world
[18:39:37] [Paper Plugin Remapper Thread - 1/INFO]: [ReobfServer] Done remapping server in 8889ms.
[18:39:37] [ServerMain/INFO]: Loaded 1337 recipes
[18:39:37] [ServerMain/INFO]: Loaded 1448 advancements
[18:39:37] [Server thread/INFO]: Starting minecraft server version 1.21.3
[18:39:37] [Server thread/INFO]: Loading properties
[18:39:37] [Server thread/INFO]: This server is running Paper version 1.21.3-63-master@4190ee7 (2024-11-25T18:59:19Z) (Implementing API version 1.21.3-R0.1-SNAPSHOT)
[18:39:38] [Server thread/INFO]: [spark] This server bundles the spark profiler. For more information please visit https://docs.papermc.io/paper/profiling
[18:39:38] [Server thread/INFO]: Server Ping Player Sample Count: 12
[18:39:38] [Server thread/INFO]: Using 4 threads for Netty based IO
[18:39:39] [Server thread/INFO]: [MoonriseCommon] Paper is using 1 worker threads, 1 I/O threads
[18:39:39] [Server thread/INFO]: [ChunkTaskScheduler] Chunk system is using population gen parallelism: true
[18:39:39] [Server thread/INFO]: Default game type: SURVIVAL
[18:39:39] [Server thread/INFO]: Generating keypair
[18:39:39] [Server thread/INFO]: Starting Minecraft server on *:25565
[18:39:39] [Server thread/INFO]: Using epoll channel type
[18:39:39] [Server thread/INFO]: Paper: Using libdeflate (Linux x86_64) compression from Velocity.
[18:39:39] [Server thread/INFO]: Paper: Using OpenSSL 1.1.x (Linux x86_64) cipher from Velocity.
[18:39:39] [Server thread/WARN]: **** SERVER IS RUNNING IN OFFLINE/INSECURE MODE!
[18:39:39] [Server thread/WARN]: The server will make no attempt to authenticate usernames. Beware.
[18:39:39] [Server thread/WARN]: While this makes the game possible to play without internet access, it also opens up the ability for hackers to connect with any username they choose.
[18:39:39] [Server thread/WARN]: To change this, set "online-mode" to "true" in the server.properties file.
[18:39:39] [Server thread/INFO]: Preparing level "world"
[18:39:45] [Paper Common Worker #0/INFO]: [MCTypeRegistry] Initialising converters for DataConverter...
[18:39:45] [Paper Common Worker #0/INFO]: [MCTypeRegistry] Finished initialising converters for DataConverter in 279.0ms
[18:39:49] [Server thread/INFO]: Preparing start region for dimension minecraft:overworld
[18:39:49] [Server thread/INFO]: Preparing spawn area: 2%
[18:39:50] [Server thread/INFO]: Preparing spawn area: 2%
[18:39:50] [Server thread/INFO]: Preparing spawn area: 2%
[18:39:51] [Server thread/INFO]: Preparing spawn area: 4%
[18:39:51] [Server thread/INFO]: Preparing spawn area: 18%
[18:39:52] [Server thread/INFO]: Preparing spawn area: 18%
[18:39:52] [Server thread/INFO]: Preparing spawn area: 28%
[18:39:53] [Server thread/INFO]: Preparing spawn area: 51%
[18:39:53] [Server thread/INFO]: Preparing spawn area: 51%
[18:39:54] [Server thread/INFO]: Preparing spawn area: 51%
[18:39:54] [Server thread/INFO]: Preparing spawn area: 69%
[18:39:55] [Server thread/INFO]: Time elapsed: 5386 ms
[18:39:55] [Server thread/INFO]: Preparing start region for dimension minecraft:the_nether
[18:39:55] [Server thread/INFO]: Preparing spawn area: 2%
[18:39:55] [Server thread/INFO]: Preparing spawn area: 18%
[18:39:56] [Server thread/INFO]: Preparing spawn area: 51%
[18:39:56] [Server thread/INFO]: Time elapsed: 1333 ms
[18:39:56] [Server thread/INFO]: Preparing start region for dimension minecraft:the_end
[18:39:56] [Server thread/INFO]: Preparing spawn area: 2%
[18:39:56] [Server thread/INFO]: Time elapsed: 429 ms
[18:39:56] [Server thread/INFO]: [spark] Starting background profiler...
[18:39:57] [Server thread/INFO]: Done preparing level "world" (17.192s)
[18:39:57] [Server thread/INFO]: Running delayed init tasks
[18:39:57] [Server thread/INFO]: Done (29.915s)! For help, type "help"
[18:39:57] [Server thread/INFO]: *************************************************************************************
[18:39:57] [Server thread/INFO]: This is the first time you're starting this server.
[18:39:57] [Server thread/INFO]: It's recommended you read our 'Getting Started' documentation for guidance.
[18:39:57] [Server thread/INFO]: View this and more helpful information here: https://docs.papermc.io/paper/next-steps
[18:39:57] [Server thread/INFO]: *************************************************************************************
[18:40:34] [User Authenticator #0/INFO]: UUID of player MarTruiX is 7abd581d-bd50-30ff-9f64-30315d7635ae
[18:40:35] [Server thread/INFO]: MarTruiX joined the game
[18:40:35] [Server thread/INFO]: MarTruiX[/[0:0:0:0:0:0:0:1%0]:56806] logged in with entity id 30 at ([world]-120.5, 69.0, 22.5)
[18:41:38] [Server thread/INFO]: Made MarTruiX a server operator
[18:41:46] [Server thread/INFO]: MarTruiX issued server command: /gamemode creative
[18:41:46] [Server thread/INFO]: [MarTruiX: Set own game mode to Creative Mode]
[18:43:49] [Server thread/INFO]: MarTruiX issued server command: /reload comfirm
[18:43:49] [Server thread/INFO]: MarTruiX: Usage: /reload [permissions|commands|confirm]
[18:43:52] [Server thread/INFO]: MarTruiX issued server command: /reload confirm
[18:43:52] [Server thread/INFO]: MarTruiX: Please note that this command is not supported and may cause issues when using some plugins.
[18:43:52] [Server thread/INFO]: MarTruiX: If you encounter any issues please use the /stop command to restart your server.
[18:43:52] [Server thread/INFO]: Server Ping Player Sample Count: 12
[18:43:52] [Server thread/INFO]: Using 4 threads for Netty based IO
[18:43:52] [Server thread/INFO]: [MoonriseCommon] Paper is using 1 worker threads, 1 I/O threads
[18:43:52] [Server thread/INFO]: [ChunkTaskScheduler] Chunk system is using population gen parallelism: true
[18:43:53] [Server thread/INFO]: Loaded 1337 recipes
[18:43:53] [Server thread/INFO]: Loaded 1448 advancements
[18:43:53] [Server thread/INFO]: [PluginInitializerManager] Initializing plugins...
[18:43:53] [Paper Async Command Builder Thread Pool - 2/ERROR]: Caught previously unhandled exception :
[18:43:53] [Paper Async Command Builder Thread Pool - 2/ERROR]: Paper Async Command Builder Thread Pool - 2
java.util.ConcurrentModificationException: null
	at java.base/java.util.LinkedHashMap$LinkedHashIterator.nextNode(LinkedHashMap.java:1023) ~[?:?]
	at java.base/java.util.LinkedHashMap$LinkedValueIterator.next(LinkedHashMap.java:1052) ~[?:?]
	at net.minecraft.commands.Commands.fillUsableCommands(Commands.java:536) ~[paper-1.21.3.jar:1.21.3-63-4190ee7]
	at net.minecraft.commands.Commands.sendAsync(Commands.java:501) ~[paper-1.21.3.jar:1.21.3-63-4190ee7]
	at net.minecraft.commands.Commands.lambda$sendCommands$6(Commands.java:480) ~[paper-1.21.3.jar:1.21.3-63-4190ee7]
	at java.base/java.util.concurrent.ThreadPoolExecutor.runWorker(ThreadPoolExecutor.java:1144) ~[?:?]
	at java.base/java.util.concurrent.ThreadPoolExecutor$Worker.run(ThreadPoolExecutor.java:642) ~[?:?]
	at java.base/java.lang.Thread.run(Thread.java:1583) ~[?:?]
[18:43:54] [Paper Plugin Remapper Thread - 2/INFO]: [PluginRemapper] Remapping plugin 'plugins/SkinsRestorer (1).jar'...
[18:43:56] [Paper Plugin Remapper Thread - 2/INFO]: [PluginRemapper] Done remapping plugin 'plugins/SkinsRestorer (1).jar' in 2921ms.
[18:43:57] [Server thread/INFO]: [PluginInitializerManager] Initialized 1 plugin
[18:43:57] [Server thread/INFO]: [PluginInitializerManager] Bukkit plugins (1):
 - SkinsRestorer (15.5.1)
[18:43:57] [Server thread/INFO]: [SkinsRestorer] Loading server plugin SkinsRestorer v15.5.1
[18:43:57] [Server thread/INFO]: Server permissions file permissions.yml is empty, ignoring it
[18:43:57] [Server thread/INFO]: [SkinsRestorer] Enabling SkinsRestorer v15.5.1
[18:43:57] [Server thread/WARN]: [SkinsRestorer] You must agree to the rules at 'commands.perSkinPermissionsConsent' in the config to use per skin permissions.
[18:43:58] [Server thread/INFO]: [SkinsRestorer] Running on Minecraft 1.21.3.
[18:43:58] [Server thread/INFO]: [SkinsRestorer] Using paper join listener!
[18:43:58] [Paper Async Command Builder Thread Pool - 3/ERROR]: Caught previously unhandled exception :
[18:43:58] [Paper Async Command Builder Thread Pool - 3/ERROR]: Paper Async Command Builder Thread Pool - 3
java.util.ConcurrentModificationException: null
	at java.base/java.util.LinkedHashMap$LinkedHashIterator.nextNode(LinkedHashMap.java:1023) ~[?:?]
	at java.base/java.util.LinkedHashMap$LinkedValueIterator.next(LinkedHashMap.java:1052) ~[?:?]
	at net.minecraft.commands.Commands.fillUsableCommands(Commands.java:536) ~[paper-1.21.3.jar:1.21.3-63-4190ee7]
	at net.minecraft.commands.Commands.sendAsync(Commands.java:501) ~[paper-1.21.3.jar:1.21.3-63-4190ee7]
	at net.minecraft.commands.Commands.lambda$sendCommands$6(Commands.java:480) ~[paper-1.21.3.jar:1.21.3-63-4190ee7]
	at java.base/java.util.concurrent.ThreadPoolExecutor.runWorker(ThreadPoolExecutor.java:1144) ~[?:?]
	at java.base/java.util.concurrent.ThreadPoolExecutor$Worker.run(ThreadPoolExecutor.java:642) ~[?:?]
	at java.base/java.lang.Thread.run(Thread.java:1583) ~[?:?]
[18:43:58] [Server thread/INFO]: MarTruiX: Reload complete.
[18:43:58] [Server thread/WARN]: Can't keep up! Is the server overloaded? Running 5678ms or 113 ticks behind
[18:43:58] [Folia Async Scheduler Thread #1/INFO]: [SkinsRestorer] ----------------------------------------------
[18:43:58] [Folia Async Scheduler Thread #1/INFO]: [SkinsRestorer]     +==================+
[18:43:58] [Folia Async Scheduler Thread #1/INFO]: [SkinsRestorer]     |   SkinsRestorer  |
[18:43:58] [Folia Async Scheduler Thread #1/INFO]: [SkinsRestorer]     |------------------|
[18:43:58] [Folia Async Scheduler Thread #1/INFO]: [SkinsRestorer]     |  Standalone Mode |
[18:43:58] [Folia Async Scheduler Thread #1/INFO]: [SkinsRestorer]     +==================+
[18:43:58] [Folia Async Scheduler Thread #1/INFO]: [SkinsRestorer] ----------------------------------------------
[18:43:58] [Folia Async Scheduler Thread #1/INFO]: [SkinsRestorer]     Version: 15.5.1
[18:43:58] [Folia Async Scheduler Thread #1/INFO]: [SkinsRestorer]     Commit: d5d8613
[18:43:58] [Folia Async Scheduler Thread #1/INFO]: [SkinsRestorer]     This is the latest version!
[18:43:58] [Folia Async Scheduler Thread #1/INFO]: [SkinsRestorer] ----------------------------------------------
[18:43:58] [Folia Async Scheduler Thread #1/INFO]: [SkinsRestorer] Do you have issues? Read our troubleshooting guide: https://skinsrestorer.net/docs/troubleshooting
[18:43:58] [Folia Async Scheduler Thread #1/INFO]: [SkinsRestorer] Want to support SkinsRestorer? Consider donating: https://skinsrestorer.net/donate
[18:44:01] [Server thread/INFO]: MarTruiX issued server command: /pl
[18:44:22] [Server thread/INFO]: MarTruiX issued server command: /skin MarTruiX
[18:45:22] [Server thread/INFO]: Stopping the server
[18:45:23] [Server thread/INFO]: Stopping server
[18:45:23] [Server thread/INFO]: [SkinsRestorer] Disabling SkinsRestorer v15.5.1
[18:45:23] [Server thread/INFO]: Saving players
[18:45:23] [Server thread/INFO]: MarTruiX lost connection: Server closed
[18:45:23] [Server thread/INFO]: MarTruiX left the game
[18:45:23] [Server thread/INFO]: Saving worlds
[18:45:23] [Server thread/INFO]: Saving chunks for level 'ServerLevel[world]'/minecraft:overworld
[18:45:23] [Server thread/INFO]: [ChunkHolderManager] Waiting 60s for chunk system to halt for world 'world'
[18:45:23] [Server thread/INFO]: [ChunkHolderManager] Halted chunk system for world 'world'
[18:45:23] [Server thread/INFO]: [ChunkHolderManager] Saving all chunkholders for world 'world'
[18:45:25] [Server thread/INFO]: [ChunkHolderManager] Saved 2161 block chunks, 698 entity chunks, 19 poi chunks in world 'world' in 2.18s
[18:45:25] [Server thread/INFO]: [ChunkHolderManager] Waiting 60s for chunk I/O to halt for world 'world'
[18:45:25] [Server thread/INFO]: [ChunkHolderManager] Halted I/O scheduler for world 'world'
[18:45:25] [Server thread/INFO]: Saving chunks for level 'ServerLevel[world_nether]'/minecraft:the_nether
[18:45:25] [Server thread/INFO]: [ChunkHolderManager] Waiting 60s for chunk system to halt for world 'world_nether'
[18:45:25] [Server thread/INFO]: [ChunkHolderManager] Halted chunk system for world 'world_nether'
[18:45:25] [Server thread/INFO]: [ChunkHolderManager] Saving all chunkholders for world 'world_nether'
[18:45:25] [Server thread/INFO]: [ChunkHolderManager] Saved 792 block chunks, 2 entity chunks, 0 poi chunks in world 'world_nether' in 0.25s
[18:45:25] [Server thread/INFO]: [ChunkHolderManager] Waiting 60s for chunk I/O to halt for world 'world_nether'
[18:45:25] [Server thread/INFO]: [ChunkHolderManager] Halted I/O scheduler for world 'world_nether'
[18:45:25] [Server thread/INFO]: Saving chunks for level 'ServerLevel[world_the_end]'/minecraft:the_end
[18:45:25] [Server thread/INFO]: [ChunkHolderManager] Waiting 60s for chunk system to halt for world 'world_the_end'
[18:45:25] [Server thread/INFO]: [ChunkHolderManager] Halted chunk system for world 'world_the_end'
[18:45:25] [Server thread/INFO]: [ChunkHolderManager] Saving all chunkholders for world 'world_the_end'
[18:45:25] [Server thread/INFO]: [ChunkHolderManager] Saved 792 block chunks, 10 entity chunks, 0 poi chunks in world 'world_the_end' in 0.19s
[18:45:25] [Server thread/INFO]: [ChunkHolderManager] Waiting 60s for chunk I/O to halt for world 'world_the_end'
[18:45:25] [Server thread/INFO]: [ChunkHolderManager] Halted I/O scheduler for world 'world_the_end'
[18:45:25] [Server thread/INFO]: ThreadedAnvilChunkStorage (world): All chunks are saved
[18:45:25] [Server thread/INFO]: ThreadedAnvilChunkStorage (DIM-1): All chunks are saved
[18:45:25] [Server thread/INFO]: ThreadedAnvilChunkStorage (DIM1): All chunks are saved
[18:45:25] [Server thread/INFO]: ThreadedAnvilChunkStorage: All dimensions are saved
[18:45:25] [Server thread/INFO]: Waiting for I/O tasks to complete...
[18:45:25] [Server thread/INFO]: All I/O tasks to complete
[18:45:25] [Server thread/INFO]: [MoonriseCommon] Awaiting termination of worker pool for up to 60s...
[18:45:25] [Server thread/INFO]: [MoonriseCommon] Awaiting termination of I/O pool for up to 60s...
